<?xml version="1.0" encoding="UTF-8"?>
<coverage generated="1753388178542" clover="3.2.0">
  <project timestamp="1753388178542" name="All files">
    <metrics statements="57" coveredstatements="38" conditionals="20" coveredconditionals="14" methods="21" coveredmethods="16" elements="98" coveredelements="68" complexity="0" loc="57" ncloc="57" packages="5" files="5" classes="5"/>
    <package name="components.EnhancedLogo">
      <metrics statements="3" coveredstatements="0" conditionals="2" coveredconditionals="0" methods="1" coveredmethods="0"/>
      <file name="EnhancedLogo.tsx" path="/Users/figgefenk/Dev/what.lol/src/components/EnhancedLogo/EnhancedLogo.tsx">
        <metrics statements="3" coveredstatements="0" conditionals="2" coveredconditionals="0" methods="1" coveredmethods="0"/>
        <line num="1" count="0" type="stmt"/>
        <line num="3" count="0" type="stmt"/>
        <line num="5" count="0" type="stmt"/>
      </file>
    </package>
    <package name="components.ProjectCard">
      <metrics statements="15" coveredstatements="14" conditionals="10" coveredconditionals="8" methods="4" coveredmethods="3"/>
      <file name="ProjectCard.tsx" path="/Users/figgefenk/Dev/what.lol/src/components/ProjectCard/ProjectCard.tsx">
        <metrics statements="15" coveredstatements="14" conditionals="10" coveredconditionals="8" methods="4" coveredmethods="3"/>
        <line num="1" count="2" type="stmt"/>
        <line num="2" count="2" type="stmt"/>
        <line num="4" count="2" type="stmt"/>
        <line num="39" count="2" type="stmt"/>
        <line num="41" count="87" type="stmt"/>
        <line num="44" count="87" type="stmt"/>
        <line num="47" count="87" type="stmt"/>
        <line num="56" count="87" type="stmt"/>
        <line num="57" count="59" type="cond" truecount="1" falsecount="1"/>
        <line num="58" count="59" type="stmt"/>
        <line num="59" count="59" type="stmt"/>
        <line num="67" count="87" type="stmt"/>
        <line num="74" count="87" type="stmt"/>
        <line num="97" count="530" type="stmt"/>
        <line num="107" count="0" type="stmt"/>
      </file>
    </package>
    <package name="components.RCScout">
      <metrics statements="12" coveredstatements="0" conditionals="2" coveredconditionals="0" methods="2" coveredmethods="0"/>
      <file name="RCScout.tsx" path="/Users/figgefenk/Dev/what.lol/src/components/RCScout/RCScout.tsx">
        <metrics statements="12" coveredstatements="0" conditionals="2" coveredconditionals="0" methods="2" coveredmethods="0"/>
        <line num="1" count="0" type="stmt"/>
        <line num="2" count="0" type="stmt"/>
        <line num="4" count="0" type="stmt"/>
        <line num="5" count="0" type="stmt"/>
        <line num="7" count="0" type="cond" truecount="0" falsecount="2"/>
        <line num="9" count="0" type="stmt"/>
        <line num="10" count="0" type="stmt"/>
        <line num="11" count="0" type="stmt"/>
        <line num="13" count="0" type="stmt"/>
        <line num="14" count="0" type="stmt"/>
        <line num="15" count="0" type="stmt"/>
        <line num="19" count="0" type="stmt"/>
      </file>
    </package>
    <package name="components.TagPill">
      <metrics statements="3" coveredstatements="0" conditionals="0" coveredconditionals="0" methods="1" coveredmethods="0"/>
      <file name="TagPill.tsx" path="/Users/figgefenk/Dev/what.lol/src/components/TagPill/TagPill.tsx">
        <metrics statements="3" coveredstatements="0" conditionals="0" coveredconditionals="0" methods="1" coveredmethods="0"/>
        <line num="1" count="0" type="stmt"/>
        <line num="3" count="0" type="stmt"/>
        <line num="5" count="0" type="stmt"/>
      </file>
    </package>
    <package name="pages.projects">
      <metrics statements="24" coveredstatements="24" conditionals="6" coveredconditionals="6" methods="13" coveredmethods="13"/>
      <file name="index.tsx" path="/Users/figgefenk/Dev/what.lol/src/pages/projects/index.tsx">
        <metrics statements="24" coveredstatements="24" conditionals="6" coveredconditionals="6" methods="13" coveredmethods="13"/>
        <line num="1" count="1" type="stmt"/>
        <line num="2" count="1" type="stmt"/>
        <line num="3" count="1" type="stmt"/>
        <line num="5" count="1" type="stmt"/>
        <line num="7" count="1" type="stmt"/>
        <line num="21" count="1" type="stmt"/>
        <line num="105" count="1" type="stmt"/>
        <line num="107" count="12" type="stmt"/>
        <line num="115" count="12" type="stmt"/>
        <line num="116" count="7" type="stmt"/>
        <line num="117" count="7" type="stmt"/>
        <line num="118" count="280" type="stmt"/>
        <line num="119" count="7" type="stmt"/>
        <line num="130" count="12" type="stmt"/>
        <line num="131" count="12" type="cond" truecount="2" falsecount="0"/>
        <line num="132" count="93" type="stmt"/>
        <line num="143" count="12" type="stmt"/>
        <line num="144" count="5" type="stmt"/>
        <line num="145" count="5" type="cond" truecount="2" falsecount="0"/>
        <line num="146" count="1" type="stmt"/>
        <line num="151" count="12" type="stmt"/>
        <line num="164" count="300" type="stmt"/>
        <line num="169" count="5" type="stmt"/>
        <line num="179" count="69" type="stmt"/>
      </file>
    </package>
  </project>
</coverage>
