{"/Users/figgefenk/Dev/what.lol/src/components/EnhancedLogo/EnhancedLogo.tsx": {"path":"/Users/figgefenk/Dev/what.lol/src/components/EnhancedLogo/EnhancedLogo.tsx","statementMap":{"0":{"start":{"line":3,"column":0},"end":{"line":3,"column":24}},"1":{"start":{"line":1,"column":0},"end":{"line":1,"column":53}},"2":{"start":{"line":5,"column":2},"end":{"line":10,"column":4}}},"fnMap":{"0":{"name":"EnhancedLogo","decl":{"start":{"line":3,"column":24},"end":{"line":3,"column":36}},"loc":{"start":{"line":3,"column":70},"end":{"line":11,"column":1}}}},"branchMap":{"0":{"loc":{"start":{"line":7,"column":7},"end":{"line":7,"column":75}},"type":"binary-expr","locations":[{"start":{"line":7,"column":7},"end":{"line":7,"column":13}},{"start":{"line":7,"column":17},"end":{"line":7,"column":75}}]}},"s":{"0":0,"1":0,"2":0},"f":{"0":0},"b":{"0":[0,0]}}
,"/Users/figgefenk/Dev/what.lol/src/components/ProjectCard/ProjectCard.tsx": {"path":"/Users/figgefenk/Dev/what.lol/src/components/ProjectCard/ProjectCard.tsx","statementMap":{"0":{"start":{"line":39,"column":0},"end":{"line":39,"column":16}},"1":{"start":{"line":1,"column":0},"end":{"line":1,"column":52}},"2":{"start":{"line":2,"column":0},"end":{"line":2,"column":24}},"3":{"start":{"line":4,"column":0},"end":{"line":4,"column":52}},"4":{"start":{"line":41,"column":38},"end":{"line":41,"column":53}},"5":{"start":{"line":44,"column":46},"end":{"line":44,"column":61}},"6":{"start":{"line":47,"column":18},"end":{"line":47,"column":46}},"7":{"start":{"line":56,"column":2},"end":{"line":61,"column":16}},"8":{"start":{"line":57,"column":4},"end":{"line":60,"column":5}},"9":{"start":{"line":58,"column":45},"end":{"line":58,"column":60}},"10":{"start":{"line":59,"column":6},"end":{"line":59,"column":null}},"11":{"start":{"line":67,"column":26},"end":{"line":72,"column":4}},"12":{"start":{"line":74,"column":2},"end":{"line":117,"column":4}},"13":{"start":{"line":97,"column":12},"end":{"line":97,"column":30}},"14":{"start":{"line":107,"column":27},"end":{"line":107,"column":53}}},"fnMap":{"0":{"name":"ProjectCard","decl":{"start":{"line":39,"column":16},"end":{"line":39,"column":27}},"loc":{"start":{"line":39,"column":88},"end":{"line":118,"column":1}}},"1":{"name":"(anonymous_2)","decl":{"start":{"line":56,"column":12},"end":{"line":56,"column":15}},"loc":{"start":{"line":56,"column":17},"end":{"line":61,"column":3}}},"2":{"name":"(anonymous_3)","decl":{"start":{"line":96,"column":20},"end":{"line":96,"column":21}},"loc":{"start":{"line":97,"column":12},"end":{"line":97,"column":30}}},"3":{"name":"(anonymous_4)","decl":{"start":{"line":107,"column":21},"end":{"line":107,"column":24}},"loc":{"start":{"line":107,"column":27},"end":{"line":107,"column":53}}}},"branchMap":{"0":{"loc":{"start":{"line":57,"column":4},"end":{"line":60,"column":5}},"type":"if","locations":[{"start":{"line":57,"column":4},"end":{"line":60,"column":5}},{"start":{},"end":{}}]},"1":{"loc":{"start":{"line":81,"column":15},"end":{"line":81,"column":42}},"type":"binary-expr","locations":[{"start":{"line":81,"column":15},"end":{"line":81,"column":20}},{"start":{"line":81,"column":24},"end":{"line":81,"column":42}}]},"2":{"loc":{"start":{"line":94,"column":43},"end":{"line":94,"column":82}},"type":"binary-expr","locations":[{"start":{"line":94,"column":43},"end":{"line":94,"column":54}},{"start":{"line":94,"column":58},"end":{"line":94,"column":82}}]},"3":{"loc":{"start":{"line":104,"column":9},"end":{"line":110,"column":null}},"type":"binary-expr","locations":[{"start":{"line":104,"column":9},"end":{"line":104,"column":23}},{"start":{"line":105,"column":10},"end":{"line":109,"column":null}}]},"4":{"loc":{"start":{"line":109,"column":13},"end":{"line":109,"column":51}},"type":"cond-expr","locations":[{"start":{"line":109,"column":26},"end":{"line":109,"column":37}},{"start":{"line":109,"column":40},"end":{"line":109,"column":51}}]}},"s":{"0":2,"1":2,"2":2,"3":2,"4":87,"5":87,"6":87,"7":87,"8":59,"9":59,"10":59,"11":87,"12":87,"13":530,"14":0},"f":{"0":87,"1":59,"2":530,"3":0},"b":{"0":[59,0],"1":[87,1],"2":[87,87],"3":[87,1],"4":[0,1]}}
,"/Users/figgefenk/Dev/what.lol/src/components/RCScout/RCScout.tsx": {"path":"/Users/figgefenk/Dev/what.lol/src/components/RCScout/RCScout.tsx","statementMap":{"0":{"start":{"line":4,"column":0},"end":{"line":4,"column":24}},"1":{"start":{"line":1,"column":0},"end":{"line":1,"column":34}},"2":{"start":{"line":2,"column":0},"end":{"line":2,"column":42}},"3":{"start":{"line":5,"column":2},"end":{"line":16,"column":9}},"4":{"start":{"line":7,"column":4},"end":{"line":7,"column":64}},"5":{"start":{"line":7,"column":57},"end":{"line":7,"column":64}},"6":{"start":{"line":9,"column":19},"end":{"line":9,"column":51}},"7":{"start":{"line":10,"column":4},"end":{"line":10,"column":39}},"8":{"start":{"line":11,"column":4},"end":{"line":12,"column":83}},"9":{"start":{"line":13,"column":4},"end":{"line":13,"column":24}},"10":{"start":{"line":14,"column":4},"end":{"line":14,"column":24}},"11":{"start":{"line":15,"column":4},"end":{"line":15,"column":38}},"12":{"start":{"line":19,"column":2},"end":{"line":19,"column":67}}},"fnMap":{"0":{"name":"RCScout","decl":{"start":{"line":4,"column":24},"end":{"line":4,"column":31}},"loc":{"start":{"line":4,"column":31},"end":{"line":20,"column":1}}},"1":{"name":"(anonymous_2)","decl":{"start":{"line":5,"column":12},"end":{"line":5,"column":15}},"loc":{"start":{"line":5,"column":17},"end":{"line":16,"column":3}}}},"branchMap":{"0":{"loc":{"start":{"line":7,"column":4},"end":{"line":7,"column":64}},"type":"if","locations":[{"start":{"line":7,"column":4},"end":{"line":7,"column":64}},{"start":{},"end":{}}]}},"s":{"0":0,"1":0,"2":0,"3":0,"4":0,"5":0,"6":0,"7":0,"8":0,"9":0,"10":0,"11":0,"12":0},"f":{"0":0,"1":0},"b":{"0":[0,0]}}
,"/Users/figgefenk/Dev/what.lol/src/components/TagPill/TagPill.tsx": {"path":"/Users/figgefenk/Dev/what.lol/src/components/TagPill/TagPill.tsx","statementMap":{"0":{"start":{"line":3,"column":0},"end":{"line":3,"column":24}},"1":{"start":{"line":1,"column":0},"end":{"line":1,"column":41}},"2":{"start":{"line":5,"column":2},"end":{"line":12,"column":4}}},"fnMap":{"0":{"name":"TagPill","decl":{"start":{"line":3,"column":24},"end":{"line":3,"column":31}},"loc":{"start":{"line":3,"column":46},"end":{"line":13,"column":1}}}},"branchMap":{},"s":{"0":0,"1":0,"2":0},"f":{"0":0},"b":{}}
,"/Users/figgefenk/Dev/what.lol/src/pages/projects/index.tsx": {"path":"/Users/figgefenk/Dev/what.lol/src/pages/projects/index.tsx","statementMap":{"0":{"start":{"line":105,"column":0},"end":{"line":105,"column":24}},"1":{"start":{"line":1,"column":0},"end":{"line":1,"column":58}},"2":{"start":{"line":2,"column":0},"end":{"line":2,"column":35}},"3":{"start":{"line":3,"column":0},"end":{"line":3,"column":36}},"4":{"start":{"line":5,"column":0},"end":{"line":5,"column":97}},"5":{"start":{"line":7,"column":0},"end":{"line":7,"column":40}},"6":{"start":{"line":21,"column":34},"end":{"line":95,"column":2}},"7":{"start":{"line":107,"column":42},"end":{"line":107,"column":64}},"8":{"start":{"line":115,"column":18},"end":{"line":120,"column":8}},"9":{"start":{"line":116,"column":19},"end":{"line":116,"column":36}},"10":{"start":{"line":117,"column":4},"end":{"line":118,"column":51}},"11":{"start":{"line":118,"column":6},"end":{"line":118,"column":49}},"12":{"start":{"line":118,"column":33},"end":{"line":118,"column":48}},"13":{"start":{"line":119,"column":4},"end":{"line":119,"column":30}},"14":{"start":{"line":130,"column":24},"end":{"line":133,"column":20}},"15":{"start":{"line":131,"column":4},"end":{"line":131,"column":null}},"16":{"start":{"line":131,"column":35},"end":{"line":131,"column":null}},"17":{"start":{"line":132,"column":4},"end":{"line":132,"column":null}},"18":{"start":{"line":132,"column":34},"end":{"line":132,"column":85}},"19":{"start":{"line":132,"column":58},"end":{"line":132,"column":84}},"20":{"start":{"line":143,"column":20},"end":{"line":149,"column":3}},"21":{"start":{"line":144,"column":4},"end":{"line":148,"column":7}},"22":{"start":{"line":145,"column":6},"end":{"line":147,"column":22}},"23":{"start":{"line":146,"column":27},"end":{"line":146,"column":36}},"24":{"start":{"line":151,"column":2},"end":{"line":187,"column":null}},"25":{"start":{"line":164,"column":14},"end":{"line":165,"column":null}},"26":{"start":{"line":169,"column":31},"end":{"line":169,"column":45}},"27":{"start":{"line":179,"column":14},"end":{"line":179,"column":32}}},"fnMap":{"0":{"name":"ProjectsPage","decl":{"start":{"line":105,"column":24},"end":{"line":105,"column":36}},"loc":{"start":{"line":105,"column":36},"end":{"line":188,"column":1}}},"1":{"name":"(anonymous_2)","decl":{"start":{"line":115,"column":26},"end":{"line":115,"column":29}},"loc":{"start":{"line":115,"column":31},"end":{"line":120,"column":3}}},"2":{"name":"(anonymous_3)","decl":{"start":{"line":117,"column":18},"end":{"line":117,"column":19}},"loc":{"start":{"line":118,"column":6},"end":{"line":118,"column":49}}},"3":{"name":"(anonymous_4)","decl":{"start":{"line":118,"column":24},"end":{"line":118,"column":25}},"loc":{"start":{"line":118,"column":33},"end":{"line":118,"column":48}}},"4":{"name":"(anonymous_5)","decl":{"start":{"line":130,"column":32},"end":{"line":130,"column":35}},"loc":{"start":{"line":130,"column":37},"end":{"line":133,"column":3}}},"5":{"name":"(anonymous_6)","decl":{"start":{"line":132,"column":24},"end":{"line":132,"column":25}},"loc":{"start":{"line":132,"column":34},"end":{"line":132,"column":85}}},"6":{"name":"(anonymous_7)","decl":{"start":{"line":132,"column":49},"end":{"line":132,"column":50}},"loc":{"start":{"line":132,"column":58},"end":{"line":132,"column":84}}},"7":{"name":"(anonymous_8)","decl":{"start":{"line":143,"column":20},"end":{"line":143,"column":21}},"loc":{"start":{"line":143,"column":36},"end":{"line":149,"column":3}}},"8":{"name":"(anonymous_9)","decl":{"start":{"line":144,"column":20},"end":{"line":144,"column":21}},"loc":{"start":{"line":145,"column":6},"end":{"line":147,"column":22}}},"9":{"name":"(anonymous_10)","decl":{"start":{"line":146,"column":20},"end":{"line":146,"column":21}},"loc":{"start":{"line":146,"column":27},"end":{"line":146,"column":36}}},"10":{"name":"(anonymous_11)","decl":{"start":{"line":163,"column":25},"end":{"line":163,"column":26}},"loc":{"start":{"line":164,"column":14},"end":{"line":165,"column":null}}},"11":{"name":"(anonymous_12)","decl":{"start":{"line":169,"column":25},"end":{"line":169,"column":28}},"loc":{"start":{"line":169,"column":31},"end":{"line":169,"column":45}}},"12":{"name":"(anonymous_13)","decl":{"start":{"line":178,"column":31},"end":{"line":178,"column":32}},"loc":{"start":{"line":179,"column":14},"end":{"line":179,"column":32}}}},"branchMap":{"0":{"loc":{"start":{"line":131,"column":4},"end":{"line":131,"column":null}},"type":"if","locations":[{"start":{"line":131,"column":4},"end":{"line":131,"column":null}},{"start":{},"end":{}}]},"1":{"loc":{"start":{"line":145,"column":6},"end":{"line":147,"column":22}},"type":"cond-expr","locations":[{"start":{"line":146,"column":8},"end":{"line":146,"column":37}},{"start":{"line":147,"column":8},"end":{"line":147,"column":22}}]},"2":{"loc":{"start":{"line":166,"column":53},"end":{"line":168,"column":20}},"type":"cond-expr","locations":[{"start":{"line":167,"column":18},"end":{"line":167,"column":43}},{"start":{"line":168,"column":18},"end":{"line":168,"column":20}}]}},"s":{"0":1,"1":1,"2":1,"3":1,"4":1,"5":1,"6":1,"7":12,"8":12,"9":7,"10":7,"11":49,"12":280,"13":7,"14":12,"15":12,"16":8,"17":4,"18":28,"19":93,"20":12,"21":5,"22":5,"23":1,"24":12,"25":300,"26":5,"27":69},"f":{"0":12,"1":7,"2":49,"3":280,"4":12,"5":28,"6":93,"7":5,"8":5,"9":1,"10":300,"11":5,"12":69},"b":{"0":[8,4],"1":[1,4],"2":[5,295]}}
}
