TN:
SF:src/components/EnhancedLogo/EnhancedLogo.tsx
FN:3,EnhancedLogo
FNF:1
FNH:0
FNDA:0,EnhancedLogo
DA:1,0
DA:3,0
DA:5,0
LF:3
LH:0
BRDA:7,0,0,0
BRDA:7,0,1,0
BRF:2
BRH:0
end_of_record
TN:
SF:src/components/ProjectCard/ProjectCard.tsx
FN:39,ProjectCard
FN:56,(anonymous_2)
FN:96,(anonymous_3)
FN:107,(anonymous_4)
FNF:4
FNH:3
FNDA:87,ProjectCard
FNDA:59,(anonymous_2)
FNDA:530,(anonymous_3)
FNDA:0,(anonymous_4)
DA:1,2
DA:2,2
DA:4,2
DA:39,2
DA:41,87
DA:44,87
DA:47,87
DA:56,87
DA:57,59
DA:58,59
DA:59,59
DA:67,87
DA:74,87
DA:97,530
DA:107,0
LF:15
LH:14
BRDA:57,0,0,59
BRDA:57,0,1,0
BRDA:81,1,0,87
BRDA:81,1,1,1
BRDA:94,2,0,87
BRDA:94,2,1,87
BRDA:104,3,0,87
BRDA:104,3,1,1
BRDA:109,4,0,0
BRDA:109,4,1,1
BRF:10
BRH:8
end_of_record
TN:
SF:src/components/RCScout/RCScout.tsx
FN:4,RCScout
FN:5,(anonymous_2)
FNF:2
FNH:0
FNDA:0,RCScout
FNDA:0,(anonymous_2)
DA:1,0
DA:2,0
DA:4,0
DA:5,0
DA:7,0
DA:9,0
DA:10,0
DA:11,0
DA:13,0
DA:14,0
DA:15,0
DA:19,0
LF:12
LH:0
BRDA:7,0,0,0
BRDA:7,0,1,0
BRF:2
BRH:0
end_of_record
TN:
SF:src/components/TagPill/TagPill.tsx
FN:3,TagPill
FNF:1
FNH:0
FNDA:0,TagPill
DA:1,0
DA:3,0
DA:5,0
LF:3
LH:0
BRF:0
BRH:0
end_of_record
TN:
SF:src/pages/projects/index.tsx
FN:105,ProjectsPage
FN:115,(anonymous_2)
FN:117,(anonymous_3)
FN:118,(anonymous_4)
FN:130,(anonymous_5)
FN:132,(anonymous_6)
FN:132,(anonymous_7)
FN:143,(anonymous_8)
FN:144,(anonymous_9)
FN:146,(anonymous_10)
FN:163,(anonymous_11)
FN:169,(anonymous_12)
FN:178,(anonymous_13)
FNF:13
FNH:13
FNDA:12,ProjectsPage
FNDA:7,(anonymous_2)
FNDA:49,(anonymous_3)
FNDA:280,(anonymous_4)
FNDA:12,(anonymous_5)
FNDA:28,(anonymous_6)
FNDA:93,(anonymous_7)
FNDA:5,(anonymous_8)
FNDA:5,(anonymous_9)
FNDA:1,(anonymous_10)
FNDA:300,(anonymous_11)
FNDA:5,(anonymous_12)
FNDA:69,(anonymous_13)
DA:1,1
DA:2,1
DA:3,1
DA:5,1
DA:7,1
DA:21,1
DA:105,1
DA:107,12
DA:115,12
DA:116,7
DA:117,7
DA:118,280
DA:119,7
DA:130,12
DA:131,12
DA:132,93
DA:143,12
DA:144,5
DA:145,5
DA:146,1
DA:151,12
DA:164,300
DA:169,5
DA:179,69
LF:24
LH:24
BRDA:131,0,0,8
BRDA:131,0,1,4
BRDA:145,1,0,1
BRDA:145,1,1,4
BRDA:166,2,0,5
BRDA:166,2,1,295
BRF:6
BRH:6
end_of_record
